# Logfile created on 2018-09-27 19:07:02 -0700 by logger.rb/61378
  INFO ---------------------------------------------------------------------------
  INFO START 2018-09-27 19:07:02 -0700 cap production deploy
  INFO ---------------------------------------------------------------------------
  INFO [0adecb73] Running /usr/bin/env mkdir -p /tmp as ubuntu@ec2-52-60-244-53.ca-central-1.compute.amazonaws.com
 DEBUG [0adecb73] Command: /usr/bin/env mkdir -p /tmp
  INFO [d411be6a] Finished in 1.134 seconds with exit status 0 (successful).
 DEBUG Uploading /tmp/git-ssh-jadesystems.ca-production-reid.sh 0.0%
  INFO Uploading /tmp/git-ssh-jadesystems.ca-production-reid.sh 100.0%
  INFO [29a0ae87] Running /usr/bin/env chmod 700 /tmp/git-ssh-jadesystems.ca-production-reid.sh as ubuntu@ec2-52-60-244-53.ca-central-1.compute.amazonaws.com
 DEBUG [29a0ae87] Command: /usr/bin/env chmod 700 /tmp/git-ssh-jadesystems.ca-production-reid.sh
  INFO [f79c59d1] Finished in 0.331 seconds with exit status 0 (successful).
  INFO [7bf30599] Running /usr/bin/env git ls-remote git@github.com:lcreid/jade-site.git HEAD as ubuntu@ec2-52-60-244-53.ca-central-1.compute.amazonaws.com
 DEBUG [7bf30599] Command: ( export GIT_ASKPASS="/bin/echo" GIT_SSH="/tmp/git-ssh-jadesystems.ca-production-reid.sh" ; /usr/bin/env git ls-remote git@github.com:lcreid/jade-site.git HEAD )
 DEBUG [aaffab7d] 	b296906104f4a4fba6eeffde1963a33d2eb40f95	HEAD
  INFO [aaffab7d] Finished in 2.861 seconds with exit status 0 (successful).
  INFO [4f14c8c3] Running /usr/bin/env mkdir -p /var/www/jadesystems.ca/shared /var/www/jadesystems.ca/releases as ubuntu@ec2-52-60-244-53.ca-central-1.compute.amazonaws.com
 DEBUG [4f14c8c3] Command: /usr/bin/env mkdir -p /var/www/jadesystems.ca/shared /var/www/jadesystems.ca/releases
  INFO [beb1c698] Finished in 0.215 seconds with exit status 0 (successful).
 DEBUG [afe0493e] Running [ -f /var/www/jadesystems.ca/html/REVISION ] as ubuntu@ec2-52-60-244-53.ca-central-1.compute.amazonaws.com
 DEBUG [afe0493e] Command: [ -f /var/www/jadesystems.ca/html/REVISION ]
 DEBUG [87a3397a] Finished in 0.253 seconds with exit status 1 (failed).
 DEBUG [95f40ee5] Running [ -f /var/www/jadesystems.ca/repo/HEAD ] as ubuntu@ec2-52-60-244-53.ca-central-1.compute.amazonaws.com
 DEBUG [95f40ee5] Command: [ -f /var/www/jadesystems.ca/repo/HEAD ]
 DEBUG [17d0a60c] Finished in 0.363 seconds with exit status 1 (failed).
 DEBUG [e8716a92] Running if test ! -d /var/www/jadesystems.ca; then echo "Directory does not exist '/var/www/jadesystems.ca'" 1>&2; false; fi as ubuntu@ec2-52-60-244-53.ca-central-1.compute.amazonaws.com
 DEBUG [e8716a92] Command: if test ! -d /var/www/jadesystems.ca; then echo "Directory does not exist '/var/www/jadesystems.ca'" 1>&2; false; fi
 DEBUG [4add3226] Finished in 0.309 seconds with exit status 0 (successful).
  INFO [7436ea62] Running /usr/bin/env git clone --mirror git@github.com:lcreid/jade-site.git /var/www/jadesystems.ca/repo as ubuntu@ec2-52-60-244-53.ca-central-1.compute.amazonaws.com
 DEBUG [7436ea62] Command: cd /var/www/jadesystems.ca && ( export GIT_ASKPASS="/bin/echo" GIT_SSH="/tmp/git-ssh-jadesystems.ca-production-reid.sh" ; /usr/bin/env git clone --mirror git@github.com:lcreid/jade-site.git /var/www/jadesystems.ca/repo )
 DEBUG [3f412228] 	Cloning into bare repository '/var/www/jadesystems.ca/repo'...
  INFO [3f412228] Finished in 1.388 seconds with exit status 0 (successful).
 DEBUG [76d71bf9] Running if test ! -d /var/www/jadesystems.ca/repo; then echo "Directory does not exist '/var/www/jadesystems.ca/repo'" 1>&2; false; fi as ubuntu@ec2-52-60-244-53.ca-central-1.compute.amazonaws.com
 DEBUG [76d71bf9] Command: if test ! -d /var/www/jadesystems.ca/repo; then echo "Directory does not exist '/var/www/jadesystems.ca/repo'" 1>&2; false; fi
 DEBUG [4542588d] Finished in 0.221 seconds with exit status 0 (successful).
  INFO [479281e0] Running /usr/bin/env git remote set-url origin git@github.com:lcreid/jade-site.git as ubuntu@ec2-52-60-244-53.ca-central-1.compute.amazonaws.com
 DEBUG [479281e0] Command: cd /var/www/jadesystems.ca/repo && ( export GIT_ASKPASS="/bin/echo" GIT_SSH="/tmp/git-ssh-jadesystems.ca-production-reid.sh" ; /usr/bin/env git remote set-url origin git@github.com:lcreid/jade-site.git )
  INFO [89bf8642] Finished in 0.378 seconds with exit status 0 (successful).
  INFO [6d232766] Running /usr/bin/env git remote update --prune as ubuntu@ec2-52-60-244-53.ca-central-1.compute.amazonaws.com
 DEBUG [6d232766] Command: cd /var/www/jadesystems.ca/repo && ( export GIT_ASKPASS="/bin/echo" GIT_SSH="/tmp/git-ssh-jadesystems.ca-production-reid.sh" ; /usr/bin/env git remote update --prune )
 DEBUG [26532052] 	Fetching origin
  INFO [26532052] Finished in 1.040 seconds with exit status 0 (successful).
 DEBUG [d7703b27] Running if test ! -d /var/www/jadesystems.ca/repo; then echo "Directory does not exist '/var/www/jadesystems.ca/repo'" 1>&2; false; fi as ubuntu@ec2-52-60-244-53.ca-central-1.compute.amazonaws.com
 DEBUG [d7703b27] Command: if test ! -d /var/www/jadesystems.ca/repo; then echo "Directory does not exist '/var/www/jadesystems.ca/repo'" 1>&2; false; fi
 DEBUG [b6d207b6] Finished in 0.216 seconds with exit status 0 (successful).
  INFO [8c5a83b3] Running /usr/bin/env mkdir -p /var/www/jadesystems.ca/releases/20180928020708 as ubuntu@ec2-52-60-244-53.ca-central-1.compute.amazonaws.com
 DEBUG [8c5a83b3] Command: cd /var/www/jadesystems.ca/repo && ( export GIT_ASKPASS="/bin/echo" GIT_SSH="/tmp/git-ssh-jadesystems.ca-production-reid.sh" ; /usr/bin/env mkdir -p /var/www/jadesystems.ca/releases/20180928020708 )
  INFO [57ec152f] Finished in 0.431 seconds with exit status 0 (successful).
  INFO [48b84c9a] Running /usr/bin/env git archive master | /usr/bin/env tar -x -f - -C /var/www/jadesystems.ca/releases/20180928020708 as ubuntu@ec2-52-60-244-53.ca-central-1.compute.amazonaws.com
 DEBUG [48b84c9a] Command: cd /var/www/jadesystems.ca/repo && ( export GIT_ASKPASS="/bin/echo" GIT_SSH="/tmp/git-ssh-jadesystems.ca-production-reid.sh" ; /usr/bin/env git archive master | /usr/bin/env tar -x -f - -C /var/www/jadesystems.ca/releases/20180928020708 )
  INFO [bab6e8d2] Finished in 0.333 seconds with exit status 0 (successful).
 DEBUG [6ac8dc33] Running if test ! -d /var/www/jadesystems.ca/repo; then echo "Directory does not exist '/var/www/jadesystems.ca/repo'" 1>&2; false; fi as ubuntu@ec2-52-60-244-53.ca-central-1.compute.amazonaws.com
 DEBUG [6ac8dc33] Command: if test ! -d /var/www/jadesystems.ca/repo; then echo "Directory does not exist '/var/www/jadesystems.ca/repo'" 1>&2; false; fi
 DEBUG [5d55a715] Finished in 0.307 seconds with exit status 0 (successful).
 DEBUG [a38c1240] Running /usr/bin/env git rev-list --max-count=1 master as ubuntu@ec2-52-60-244-53.ca-central-1.compute.amazonaws.com
 DEBUG [a38c1240] Command: cd /var/www/jadesystems.ca/repo && ( export GIT_ASKPASS="/bin/echo" GIT_SSH="/tmp/git-ssh-jadesystems.ca-production-reid.sh" ; /usr/bin/env git rev-list --max-count=1 master )
 DEBUG [8ddcd030] 	b296906104f4a4fba6eeffde1963a33d2eb40f95
 DEBUG [8ddcd030] Finished in 0.259 seconds with exit status 0 (successful).
 DEBUG [6ecced6d] Running if test ! -d /var/www/jadesystems.ca/releases/20180928020708; then echo "Directory does not exist '/var/www/jadesystems.ca/releases/20180928020708'" 1>&2; false; fi as ubuntu@ec2-52-60-244-53.ca-central-1.compute.amazonaws.com
 DEBUG [6ecced6d] Command: if test ! -d /var/www/jadesystems.ca/releases/20180928020708; then echo "Directory does not exist '/var/www/jadesystems.ca/releases/20180928020708'" 1>&2; false; fi
 DEBUG [fa92c6a4] Finished in 0.416 seconds with exit status 0 (successful).
  INFO [82aeb776] Running /usr/bin/env echo "b296906104f4a4fba6eeffde1963a33d2eb40f95" > REVISION as ubuntu@ec2-52-60-244-53.ca-central-1.compute.amazonaws.com
 DEBUG [82aeb776] Command: cd /var/www/jadesystems.ca/releases/20180928020708 && /usr/bin/env echo "b296906104f4a4fba6eeffde1963a33d2eb40f95" > REVISION
  INFO [b8ce23ae] Finished in 0.322 seconds with exit status 0 (successful).
  INFO [62c3ba26] Running /usr/bin/env ln -s /var/www/jadesystems.ca/releases/20180928020708 /var/www/jadesystems.ca/releases/html as ubuntu@ec2-52-60-244-53.ca-central-1.compute.amazonaws.com
 DEBUG [62c3ba26] Command: /usr/bin/env ln -s /var/www/jadesystems.ca/releases/20180928020708 /var/www/jadesystems.ca/releases/html
  INFO [eee4eb78] Finished in 0.507 seconds with exit status 0 (successful).
  INFO [385ad988] Running /usr/bin/env mv /var/www/jadesystems.ca/releases/html /var/www/jadesystems.ca as ubuntu@ec2-52-60-244-53.ca-central-1.compute.amazonaws.com
 DEBUG [385ad988] Command: /usr/bin/env mv /var/www/jadesystems.ca/releases/html /var/www/jadesystems.ca
  INFO [7b5abbf7] Finished in 0.261 seconds with exit status 0 (successful).
 DEBUG [caa9b9b8] Running /usr/bin/env ls -x /var/www/jadesystems.ca/releases as ubuntu@ec2-52-60-244-53.ca-central-1.compute.amazonaws.com
 DEBUG [caa9b9b8] Command: /usr/bin/env ls -x /var/www/jadesystems.ca/releases
 DEBUG [dfe2ceda] 	20180928020708
 DEBUG [dfe2ceda] Finished in 0.255 seconds with exit status 0 (successful).
 DEBUG [877e1d15] Running if test ! -d /var/www/jadesystems.ca/releases; then echo "Directory does not exist '/var/www/jadesystems.ca/releases'" 1>&2; false; fi as ubuntu@ec2-52-60-244-53.ca-central-1.compute.amazonaws.com
 DEBUG [877e1d15] Command: if test ! -d /var/www/jadesystems.ca/releases; then echo "Directory does not exist '/var/www/jadesystems.ca/releases'" 1>&2; false; fi
 DEBUG [e2b8af3a] Finished in 0.401 seconds with exit status 0 (successful).
  INFO [27ba0614] Running /usr/bin/env echo "Branch master (at b296906104f4a4fba6eeffde1963a33d2eb40f95) deployed as release 20180928020708 by reid" >> /var/www/jadesystems.ca/revisions.log as ubuntu@ec2-52-60-244-53.ca-central-1.compute.amazonaws.com
 DEBUG [27ba0614] Command: cd /var/www/jadesystems.ca/releases && /usr/bin/env echo "Branch master (at b296906104f4a4fba6eeffde1963a33d2eb40f95) deployed as release 20180928020708 by reid" >> /var/www/jadesystems.ca/revisions.log
  INFO [855e6783] Finished in 0.526 seconds with exit status 0 (successful).
